<?xml version="1.0" encoding="UTF-8"?>
<!-- Generated by org.testng.reporters.JUnitXMLReporter -->
<testsuite hostname="LAPTOP-D2GVCL39" ignored="4" name="Regression" tests="5" failures="0" timestamp="2022-04-30T08:28:55 IST" time="0.106" errors="0">
  <testcase name="A" time="0.008" classname="annotations.AnnotationsTestNG"/>
  <testcase name="B" time="0.003" classname="annotations.AnnotationsTestNG"/>
  <testcase name="verifyUserCanUploadFile" time="0.002" classname="annotations.AnnotationsTestNG"/>
  <testcase name="verifyUserCanLoginWithValiedCredentials" time="0.001" classname="annotations.SampleAnnotationTestNG"/>
  <testcase name="verifyUserCanNotLoginWithInValiedCredentials" time="0.012" classname="annotations.SampleAnnotationTestNG"/>
  <testcase name="@AfterSuite afterSuiteAnnotation" time="0.0" classname="annotations.TestBase">
    <ignored/>
  </testcase> <!-- @AfterSuite afterSuiteAnnotation -->
  <testcase name="@BeforeSuite beforeSuiteAnnotation" time="0.0" classname="annotations.TestBase">
    <ignored/>
  </testcase> <!-- @BeforeSuite beforeSuiteAnnotation -->
  <testcase name="@AfterTest afterTestAnnotation" time="0.0" classname="annotations.TestBase">
    <ignored/>
  </testcase> <!-- @AfterTest afterTestAnnotation -->
  <testcase name="@BeforeTest beforeTestAnnotation" time="0.0" classname="annotations.TestBase">
    <ignored/>
  </testcase> <!-- @BeforeTest beforeTestAnnotation -->
</testsuite> <!-- Regression -->
