<?xml version="1.0" encoding="UTF-8"?>
<!-- Generated by org.testng.reporters.JUnitXMLReporter -->
<testsuite hostname="LAPTOP-D2GVCL39" ignored="0" name="Smoke" tests="2" failures="1" timestamp="2022-05-04T09:26:06 IST" time="22.016" errors="0">
  <testcase name="verifyUserCanUploadFile" time="0.001" classname="ktctc.DM21MavenProject.Sample"/>
  <testcase name="verifyURLIsBrockenOrNot" time="21.973" classname="brockenlink.BrockenLinkClass5">
    <failure type="java.lang.AssertionError" message="The following asserts failed:
	https://demoqa.com/bad-request is brocken with Response code = 400 And response message = Bad Request expected [true] but found [false],
	https://demoqa.com/unauthorized is brocken with Response code = 401 And response message = Unauthorized expected [true] but found [false],
	https://demoqa.com/forbidden is brocken with Response code = 403 And response message = Forbidden expected [true] but found [false],
	https://demoqa.com/invalid-url is brocken with Response code = 404 And response message = Not Found expected [true] but found [false]">
      <![CDATA[java.lang.AssertionError: The following asserts failed:
https://demoqa.com/bad-request is brocken with Response code = 400 And response message = Bad Request expected [true] but found [false],
https://demoqa.com/unauthorized is brocken with Response code = 401 And response message = Unauthorized expected [true] but found [false],
https://demoqa.com/forbidden is brocken with Response code = 403 And response message = Forbidden expected [true] but found [false],
https://demoqa.com/invalid-url is brocken with Response code = 404 And response message = Not Found expected [true] but found [false]
at brockenlink.BrockenLinkClass5.verifyURLIsBrockenOrNot(BrockenLinkClass5.java:58)
at java.util.ArrayList.forEach(Unknown Source)
... Removed 29 stack frames]]>
    </failure>
  </testcase> <!-- verifyURLIsBrockenOrNot -->
</testsuite> <!-- Smoke -->
