<?xml version="1.0" encoding="UTF-8"?>
<!-- Generated by org.testng.reporters.JUnitXMLReporter -->
<testsuite hostname="LAPTOP-D2GVCL39" ignored="0" name="Default test" tests="3" failures="0" timestamp="2022-05-01T08:53:03 IST" time="0.098" errors="0">
  <testcase name="A" time="0.012" classname="priority.PriorityInTestNG"/>
  <testcase name="verifyUserCanUploadFile" time="0.002" classname="priority.PriorityInTestNG"/>
  <testcase name="B" time="0.002" classname="priority.PriorityInTestNG"/>
</testsuite> <!-- Default test -->
