<?xml version="1.0" encoding="UTF-8"?>
<testng-results skipped="0" failed="0" ignored="0" total="1" passed="1">
  <reporter-output>
  </reporter-output>
  <suite name="Default suite" duration-ms="17731" started-at="2022-04-30T09:25:19 IST" finished-at="2022-04-30T09:25:37 IST">
    <groups>
    </groups>
    <test name="Default test" duration-ms="17731" started-at="2022-04-30T09:25:19 IST" finished-at="2022-04-30T09:25:37 IST">
      <class name="ktctc.DM21MavenProject.FileUploadClassWithTestNG">
        <test-method status="PASS" signature="verifyUserCanUploadFile()[pri:0, instance:ktctc.DM21MavenProject.FileUploadClassWithTestNG@4bbfb90a]" name="verifyUserCanUploadFile" duration-ms="17678" started-at="2022-04-30T09:25:19 IST" finished-at="2022-04-30T09:25:37 IST">
          <reporter-output>
          </reporter-output>
        </test-method> <!-- verifyUserCanUploadFile -->
      </class> <!-- ktctc.DM21MavenProject.FileUploadClassWithTestNG -->
    </test> <!-- Default test -->
  </suite> <!-- Default suite -->
</testng-results>
